2023-09-23 15:06:37.838  INFO 8488 --- [main] com.example.demo.SareetaApplication      : Starting SareetaApplication on DESKTOP-UF61QTP with PID 8488 (started by nguye in C:\project spring\project4\nd035-c4-Security-and-DevOps\starter_code)
2023-09-23 15:06:37.842  INFO 8488 --- [main] com.example.demo.SareetaApplication      : No active profile set, falling back to default profiles: default
2023-09-23 15:06:39.217  INFO 8488 --- [main] .s.d.r.c.RepositoryConfigurationDelegate : Bootstrapping Spring Data repositories in DEFAULT mode.
2023-09-23 15:06:39.383  INFO 8488 --- [main] .s.d.r.c.RepositoryConfigurationDelegate : Finished Spring Data repository scanning in 132ms. Found 4 repository interfaces.
2023-09-23 15:06:40.814  INFO 8488 --- [main] trationDelegate$BeanPostProcessorChecker : Bean 'org.springframework.transaction.annotation.ProxyTransactionManagementConfiguration' of type [org.springframework.transaction.annotation.ProxyTransactionManagementConfiguration$$EnhancerBySpringCGLIB$$6c160edf] is not eligible for getting processed by all BeanPostProcessors (for example: not eligible for auto-proxying)
2023-09-23 15:06:41.733  INFO 8488 --- [main] o.s.b.w.embedded.tomcat.TomcatWebServer  : Tomcat initialized with port(s): 8080 (http)
2023-09-23 15:06:41.793  INFO 8488 --- [main] o.apache.catalina.core.StandardService   : Starting service [Tomcat]
2023-09-23 15:06:41.794  INFO 8488 --- [main] org.apache.catalina.core.StandardEngine  : Starting Servlet engine: [Apache Tomcat/9.0.19]
2023-09-23 15:06:42.016  INFO 8488 --- [main] o.a.c.c.C.[Tomcat].[localhost].[/]       : Initializing Spring embedded WebApplicationContext
2023-09-23 15:06:42.016  INFO 8488 --- [main] o.s.web.context.ContextLoader            : Root WebApplicationContext: initialization completed in 4072 ms
2023-09-23 15:06:42.487  INFO 8488 --- [main] com.zaxxer.hikari.HikariDataSource       : HikariPool-1 - Starting...
2023-09-23 15:06:42.873  INFO 8488 --- [main] com.zaxxer.hikari.HikariDataSource       : HikariPool-1 - Start completed.
2023-09-23 15:06:42.995  INFO 8488 --- [main] o.hibernate.jpa.internal.util.LogHelper  : HHH000204: Processing PersistenceUnitInfo [
	name: default
	...]
2023-09-23 15:06:43.122  INFO 8488 --- [main] org.hibernate.Version                    : HHH000412: Hibernate Core {5.3.10.Final}
2023-09-23 15:06:43.125  INFO 8488 --- [main] org.hibernate.cfg.Environment            : HHH000206: hibernate.properties not found
2023-09-23 15:06:43.386  INFO 8488 --- [main] o.hibernate.annotations.common.Version   : HCANN000001: Hibernate Commons Annotations {5.0.4.Final}
2023-09-23 15:06:43.729  INFO 8488 --- [main] org.hibernate.dialect.Dialect            : HHH000400: Using dialect: org.hibernate.dialect.H2Dialect
2023-09-23 15:06:45.329  INFO 8488 --- [main] j.LocalContainerEntityManagerFactoryBean : Initialized JPA EntityManagerFactory for persistence unit 'default'
2023-09-23 15:06:46.748  WARN 8488 --- [main] aWebConfiguration$JpaWebMvcConfiguration : spring.jpa.open-in-view is enabled by default. Therefore, database queries may be performed during view rendering. Explicitly configure spring.jpa.open-in-view to disable this warning
2023-09-23 15:06:46.876  INFO 8488 --- [main] o.s.s.web.DefaultSecurityFilterChain     : Creating filter chain: any request, [org.springframework.security.web.context.request.async.WebAsyncManagerIntegrationFilter@ba27ce6, org.springframework.security.web.context.SecurityContextPersistenceFilter@43b2e7db, org.springframework.security.web.header.HeaderWriterFilter@10508ba6, org.springframework.web.filter.CorsFilter@97cb8dc, org.springframework.security.web.authentication.logout.LogoutFilter@3370be55, com.example.demo.security.JWTAuthenticationFilter@261b6c8c, com.example.demo.security.JWTAuthenticationVerficationFilter@2dcbf825, org.springframework.security.web.savedrequest.RequestCacheAwareFilter@530df3ab, org.springframework.security.web.servletapi.SecurityContextHolderAwareRequestFilter@141234df, org.springframework.security.web.authentication.AnonymousAuthenticationFilter@3516f436, org.springframework.security.web.session.SessionManagementFilter@39159b14, org.springframework.security.web.access.ExceptionTranslationFilter@24520a51, org.springframework.security.web.access.intercept.FilterSecurityInterceptor@2979c6ef]
2023-09-23 15:06:47.208  INFO 8488 --- [main] o.s.s.concurrent.ThreadPoolTaskExecutor  : Initializing ExecutorService 'applicationTaskExecutor'
2023-09-23 15:06:47.772  INFO 8488 --- [main] o.s.b.w.embedded.tomcat.TomcatWebServer  : Tomcat started on port(s): 8080 (http) with context path ''
2023-09-23 15:06:47.777  INFO 8488 --- [main] com.example.demo.SareetaApplication      : Started SareetaApplication in 10.655 seconds (JVM running for 11.402)
2023-09-23 15:07:15.271  INFO 8488 --- [http-nio-8080-exec-1] o.a.c.c.C.[Tomcat].[localhost].[/]       : Initializing Spring DispatcherServlet 'dispatcherServlet'
2023-09-23 15:07:15.271  INFO 8488 --- [http-nio-8080-exec-1] o.s.web.servlet.DispatcherServlet        : Initializing Servlet 'dispatcherServlet'
2023-09-23 15:07:15.289  INFO 8488 --- [http-nio-8080-exec-1] o.s.web.servlet.DispatcherServlet        : Completed initialization in 18 ms
2023-09-23 15:07:15.777  INFO 8488 --- [http-nio-8080-exec-1] c.e.demo.controllers.UserController      : UserController.createUser - created success : 
